<?xml version="1.0" encoding="UTF-8"?>
<!-- Generated by org.testng.reporters.JUnitXMLReporter -->
<testsuite hostname="LAPTOP-KRJ87BFA" name="Test(failed)" tests="1" failures="1" timestamp="13 Sep 2022 07:10:41 GMT" time="0.004" errors="0">
  <testcase name="one" time="0.001" classname="com.practice.ListenersImplementation">
    <failure type="java.lang.AssertionError" message="expected [b] but found [a]">
      <![CDATA[java.lang.AssertionError: expected [b] but found [a]
	at com.practice.ListenersImplementation.one(ListenersImplementation.java:10)
... Removed 30 stack frames]]>
    </failure>
  </testcase> <!-- one -->
</testsuite> <!-- Test(failed) -->
